g:\__public__\_downloads\angleproject-c34f280400a6fba73418f7684d43edb5bad831bc.tar\src\compiler\debug\common\vc120.pdb
g:\__public__\_downloads\angleproject-c34f280400a6fba73418f7684d43edb5bad831bc.tar\src\compiler\debug\common\vc120.idb
g:\__public__\_downloads\angleproject-c34f280400a6fba73418f7684d43edb5bad831bc.tar\src\compiler\debug\common\parseconst.obj
g:\__public__\_downloads\angleproject-c34f280400a6fba73418f7684d43edb5bad831bc.tar\src\compiler\debug\common\parsehelper.obj
g:\__public__\_downloads\angleproject-c34f280400a6fba73418f7684d43edb5bad831bc.tar\src\compiler\debug\common\poolalloc.obj
g:\__public__\_downloads\angleproject-c34f280400a6fba73418f7684d43edb5bad831bc.tar\src\compiler\debug\common\qualifieralive.obj
g:\__public__\_downloads\angleproject-c34f280400a6fba73418f7684d43edb5bad831bc.tar\src\compiler\debug\common\removetree.obj
g:\__public__\_downloads\angleproject-c34f280400a6fba73418f7684d43edb5bad831bc.tar\src\compiler\debug\common\shaderlang.obj
g:\__public__\_downloads\angleproject-c34f280400a6fba73418f7684d43edb5bad831bc.tar\src\compiler\debug\common\symboltable.obj
g:\__public__\_downloads\angleproject-c34f280400a6fba73418f7684d43edb5bad831bc.tar\src\compiler\debug\common\util.obj
g:\__public__\_downloads\angleproject-c34f280400a6fba73418f7684d43edb5bad831bc.tar\src\compiler\debug\common\validatelimitations.obj
g:\__public__\_downloads\angleproject-c34f280400a6fba73418f7684d43edb5bad831bc.tar\src\compiler\debug\common\variableinfo.obj
g:\__public__\_downloads\angleproject-c34f280400a6fba73418f7684d43edb5bad831bc.tar\src\compiler\debug\common\variablepacker.obj
g:\__public__\_downloads\angleproject-c34f280400a6fba73418f7684d43edb5bad831bc.tar\src\compiler\debug\common\glslang_lex.obj
g:\__public__\_downloads\angleproject-c34f280400a6fba73418f7684d43edb5bad831bc.tar\src\compiler\debug\common\glslang_tab.obj
g:\__public__\_downloads\angleproject-c34f280400a6fba73418f7684d43edb5bad831bc.tar\src\compiler\debug\common\dependencygraph.obj
g:\__public__\_downloads\angleproject-c34f280400a6fba73418f7684d43edb5bad831bc.tar\src\compiler\debug\common\dependencygraphbuilder.obj
g:\__public__\_downloads\angleproject-c34f280400a6fba73418f7684d43edb5bad831bc.tar\src\compiler\debug\common\dependencygraphoutput.obj
g:\__public__\_downloads\angleproject-c34f280400a6fba73418f7684d43edb5bad831bc.tar\src\compiler\debug\common\dependencygraphtraverse.obj
g:\__public__\_downloads\angleproject-c34f280400a6fba73418f7684d43edb5bad831bc.tar\src\compiler\debug\common\restrictfragmentshadertiming.obj
g:\__public__\_downloads\angleproject-c34f280400a6fba73418f7684d43edb5bad831bc.tar\src\compiler\debug\common\restrictvertexshadertiming.obj
g:\__public__\_downloads\angleproject-c34f280400a6fba73418f7684d43edb5bad831bc.tar\src\compiler\debug\common\arrayboundsclamper.obj
g:\__public__\_downloads\angleproject-c34f280400a6fba73418f7684d43edb5bad831bc.tar\src\compiler\debug\common\builtinfunctionemulator.obj
g:\__public__\_downloads\angleproject-c34f280400a6fba73418f7684d43edb5bad831bc.tar\src\compiler\debug\common\compiler.obj
g:\__public__\_downloads\angleproject-c34f280400a6fba73418f7684d43edb5bad831bc.tar\src\compiler\debug\common\debug.obj
g:\__public__\_downloads\angleproject-c34f280400a6fba73418f7684d43edb5bad831bc.tar\src\compiler\debug\common\detectrecursion.obj
g:\__public__\_downloads\angleproject-c34f280400a6fba73418f7684d43edb5bad831bc.tar\src\compiler\debug\common\diagnostics.obj
g:\__public__\_downloads\angleproject-c34f280400a6fba73418f7684d43edb5bad831bc.tar\src\compiler\debug\common\directivehandler.obj
g:\__public__\_downloads\angleproject-c34f280400a6fba73418f7684d43edb5bad831bc.tar\src\compiler\debug\common\forloopunroll.obj
g:\__public__\_downloads\angleproject-c34f280400a6fba73418f7684d43edb5bad831bc.tar\src\compiler\debug\common\infosink.obj
g:\__public__\_downloads\angleproject-c34f280400a6fba73418f7684d43edb5bad831bc.tar\src\compiler\debug\common\initialize.obj
g:\__public__\_downloads\angleproject-c34f280400a6fba73418f7684d43edb5bad831bc.tar\src\compiler\debug\common\initializedll.obj
g:\__public__\_downloads\angleproject-c34f280400a6fba73418f7684d43edb5bad831bc.tar\src\compiler\debug\common\initializeparsecontext.obj
g:\__public__\_downloads\angleproject-c34f280400a6fba73418f7684d43edb5bad831bc.tar\src\compiler\debug\common\intermediate.obj
g:\__public__\_downloads\angleproject-c34f280400a6fba73418f7684d43edb5bad831bc.tar\src\compiler\debug\common\intermout.obj
g:\__public__\_downloads\angleproject-c34f280400a6fba73418f7684d43edb5bad831bc.tar\src\compiler\debug\common\intermtraverse.obj
g:\__public__\_downloads\angleproject-c34f280400a6fba73418f7684d43edb5bad831bc.tar\src\compiler\debug\common\maplongvariablenames.obj
g:\__public__\_downloads\angleproject-c34f280400a6fba73418f7684d43edb5bad831bc.tar\src\compiler\debug\common\ossource_win.obj
g:\__public__\_downloads\angleproject-c34f280400a6fba73418f7684d43edb5bad831bc.tar\src\debug\translator_common.lib
g:\__public__\_downloads\angleproject-c34f280400a6fba73418f7684d43edb5bad831bc.tar\src\compiler\debug\common\translat.5b3a6db8.tlog\cl.command.1.tlog
g:\__public__\_downloads\angleproject-c34f280400a6fba73418f7684d43edb5bad831bc.tar\src\compiler\debug\common\translat.5b3a6db8.tlog\cl.read.1.tlog
g:\__public__\_downloads\angleproject-c34f280400a6fba73418f7684d43edb5bad831bc.tar\src\compiler\debug\common\translat.5b3a6db8.tlog\cl.write.1.tlog
g:\__public__\_downloads\angleproject-c34f280400a6fba73418f7684d43edb5bad831bc.tar\src\compiler\debug\common\translat.5b3a6db8.tlog\lib-link.read.1.tlog
g:\__public__\_downloads\angleproject-c34f280400a6fba73418f7684d43edb5bad831bc.tar\src\compiler\debug\common\translat.5b3a6db8.tlog\lib-link.write.1.tlog
g:\__public__\_downloads\angleproject-c34f280400a6fba73418f7684d43edb5bad831bc.tar\src\compiler\debug\common\translat.5b3a6db8.tlog\lib.command.1.tlog
