g:\__public__\_downloads\angleproject-c34f280400a6fba73418f7684d43edb5bad831bc.tar\src\compiler\preprocessor\debug\vc120.pdb
g:\__public__\_downloads\angleproject-c34f280400a6fba73418f7684d43edb5bad831bc.tar\src\compiler\preprocessor\debug\vc120.idb
g:\__public__\_downloads\angleproject-c34f280400a6fba73418f7684d43edb5bad831bc.tar\src\compiler\preprocessor\debug\diagnosticsbase.obj
g:\__public__\_downloads\angleproject-c34f280400a6fba73418f7684d43edb5bad831bc.tar\src\compiler\preprocessor\debug\directivehandlerbase.obj
g:\__public__\_downloads\angleproject-c34f280400a6fba73418f7684d43edb5bad831bc.tar\src\compiler\preprocessor\debug\directiveparser.obj
g:\__public__\_downloads\angleproject-c34f280400a6fba73418f7684d43edb5bad831bc.tar\src\compiler\preprocessor\debug\expressionparser.obj
g:\__public__\_downloads\angleproject-c34f280400a6fba73418f7684d43edb5bad831bc.tar\src\compiler\preprocessor\debug\input.obj
g:\__public__\_downloads\angleproject-c34f280400a6fba73418f7684d43edb5bad831bc.tar\src\compiler\preprocessor\debug\lexer.obj
g:\__public__\_downloads\angleproject-c34f280400a6fba73418f7684d43edb5bad831bc.tar\src\compiler\preprocessor\debug\macro.obj
g:\__public__\_downloads\angleproject-c34f280400a6fba73418f7684d43edb5bad831bc.tar\src\compiler\preprocessor\debug\macroexpander.obj
g:\__public__\_downloads\angleproject-c34f280400a6fba73418f7684d43edb5bad831bc.tar\src\compiler\preprocessor\debug\preprocessor.obj
g:\__public__\_downloads\angleproject-c34f280400a6fba73418f7684d43edb5bad831bc.tar\src\compiler\preprocessor\debug\token.obj
g:\__public__\_downloads\angleproject-c34f280400a6fba73418f7684d43edb5bad831bc.tar\src\compiler\preprocessor\debug\tokenizer.obj
g:\__public__\_downloads\angleproject-c34f280400a6fba73418f7684d43edb5bad831bc.tar\src\debug\preprocessor.lib
g:\__public__\_downloads\angleproject-c34f280400a6fba73418f7684d43edb5bad831bc.tar\src\compiler\preprocessor\debug\preprocessor.tlog\cl.command.1.tlog
g:\__public__\_downloads\angleproject-c34f280400a6fba73418f7684d43edb5bad831bc.tar\src\compiler\preprocessor\debug\preprocessor.tlog\cl.read.1.tlog
g:\__public__\_downloads\angleproject-c34f280400a6fba73418f7684d43edb5bad831bc.tar\src\compiler\preprocessor\debug\preprocessor.tlog\cl.write.1.tlog
g:\__public__\_downloads\angleproject-c34f280400a6fba73418f7684d43edb5bad831bc.tar\src\compiler\preprocessor\debug\preprocessor.tlog\lib-link.read.1.tlog
g:\__public__\_downloads\angleproject-c34f280400a6fba73418f7684d43edb5bad831bc.tar\src\compiler\preprocessor\debug\preprocessor.tlog\lib-link.write.1.tlog
g:\__public__\_downloads\angleproject-c34f280400a6fba73418f7684d43edb5bad831bc.tar\src\compiler\preprocessor\debug\preprocessor.tlog\lib.command.1.tlog
